<?xml version="1.0" encoding="UTF-8"?>
<testsuite xmlns:xsi="http://www.w3.org/2001/XMLSchema-instance" xsi:noNamespaceSchemaLocation="https://maven.apache.org/surefire/maven-surefire-plugin/xsd/surefire-test-report.xsd" name="football.league.raveendra.footballleague.FootballLeagueApplicationTests" time="1.012" tests="1" errors="1" skipped="0" failures="0">
  <properties>
[...]
</properties>
  <testcase name="football.league.raveendra.footballleague.FootballLeagueApplicationTests" classname="football.league.raveendra.footballleague.FootballLeagueApplicationTests" time="1.009">
    <error message="Unable to find a @SpringBootConfiguration, you need to use @ContextConfiguration or @SpringBootTest(classes=...) with your test" type="java.lang.IllegalStateException">java.lang.IllegalStateException: Unable to find a @SpringBootConfiguration, you need to use @ContextConfiguration or @SpringBootTest(classes=...) with your test
</error>
    <system-out><![CDATA[22:28:42.643 [main] DEBUG org.springframework.test.context.BootstrapUtils - Instantiating CacheAwareContextLoaderDelegate from class [org.springframework.test.context.cache.DefaultCacheAwareContextLoaderDelegate]
22:28:42.771 [main] DEBUG org.springframework.test.context.BootstrapUtils - Instantiating BootstrapContext using constructor [public org.springframework.test.context.support.DefaultBootstrapContext(java.lang.Class,org.springframework.test.context.CacheAwareContextLoaderDelegate)]
22:28:42.929 [main] DEBUG org.springframework.test.context.BootstrapUtils - Instantiating TestContextBootstrapper for test class [football.league.raveendra.footballleague.FootballLeagueApplicationTests] from class [org.springframework.boot.test.context.SpringBootTestContextBootstrapper]
22:28:42.996 [main] INFO org.springframework.boot.test.context.SpringBootTestContextBootstrapper - Neither @ContextConfiguration nor @ContextHierarchy found for test class [football.league.raveendra.footballleague.FootballLeagueApplicationTests], using SpringBootContextLoader
22:28:43.010 [main] DEBUG org.springframework.test.context.support.AbstractContextLoader - Did not detect default resource location for test class [football.league.raveendra.footballleague.FootballLeagueApplicationTests]: class path resource [football/league/raveendra/footballleague/FootballLeagueApplicationTests-context.xml] does not exist
22:28:43.012 [main] DEBUG org.springframework.test.context.support.AbstractContextLoader - Did not detect default resource location for test class [football.league.raveendra.footballleague.FootballLeagueApplicationTests]: class path resource [football/league/raveendra/footballleague/FootballLeagueApplicationTestsContext.groovy] does not exist
22:28:43.013 [main] INFO org.springframework.test.context.support.AbstractContextLoader - Could not detect default resource locations for test class [football.league.raveendra.footballleague.FootballLeagueApplicationTests]: no resource found for suffixes {-context.xml, Context.groovy}.
22:28:43.016 [main] INFO org.springframework.test.context.support.AnnotationConfigContextLoaderUtils - Could not detect default configuration classes for test class [football.league.raveendra.footballleague.FootballLeagueApplicationTests]: FootballLeagueApplicationTests does not declare any static, non-private, non-final, nested classes annotated with @Configuration.
22:28:43.173 [main] DEBUG org.springframework.test.context.support.ActiveProfilesUtils - Could not find an 'annotation declaring class' for annotation type [org.springframework.test.context.ActiveProfiles] and class [football.league.raveendra.footballleague.FootballLeagueApplicationTests]
22:28:43.292 [main] DEBUG org.springframework.test.context.BootstrapUtils - Instantiating CacheAwareContextLoaderDelegate from class [org.springframework.test.context.cache.DefaultCacheAwareContextLoaderDelegate]
22:28:43.293 [main] DEBUG org.springframework.test.context.BootstrapUtils - Instantiating BootstrapContext using constructor [public org.springframework.test.context.support.DefaultBootstrapContext(java.lang.Class,org.springframework.test.context.CacheAwareContextLoaderDelegate)]
22:28:43.297 [main] DEBUG org.springframework.test.context.BootstrapUtils - Instantiating TestContextBootstrapper for test class [football.league.raveendra.footballleague.FootballLeagueApplicationTests] from class [org.springframework.boot.test.context.SpringBootTestContextBootstrapper]
22:28:43.298 [main] INFO org.springframework.boot.test.context.SpringBootTestContextBootstrapper - Neither @ContextConfiguration nor @ContextHierarchy found for test class [football.league.raveendra.footballleague.FootballLeagueApplicationTests], using SpringBootContextLoader
22:28:43.302 [main] DEBUG org.springframework.test.context.support.AbstractContextLoader - Did not detect default resource location for test class [football.league.raveendra.footballleague.FootballLeagueApplicationTests]: class path resource [football/league/raveendra/footballleague/FootballLeagueApplicationTests-context.xml] does not exist
22:28:43.304 [main] DEBUG org.springframework.test.context.support.AbstractContextLoader - Did not detect default resource location for test class [football.league.raveendra.footballleague.FootballLeagueApplicationTests]: class path resource [football/league/raveendra/footballleague/FootballLeagueApplicationTestsContext.groovy] does not exist
22:28:43.309 [main] INFO org.springframework.test.context.support.AbstractContextLoader - Could not detect default resource locations for test class [football.league.raveendra.footballleague.FootballLeagueApplicationTests]: no resource found for suffixes {-context.xml, Context.groovy}.
22:28:43.310 [main] INFO org.springframework.test.context.support.AnnotationConfigContextLoaderUtils - Could not detect default configuration classes for test class [football.league.raveendra.footballleague.FootballLeagueApplicationTests]: FootballLeagueApplicationTests does not declare any static, non-private, non-final, nested classes annotated with @Configuration.
22:28:43.319 [main] DEBUG org.springframework.test.context.support.ActiveProfilesUtils - Could not find an 'annotation declaring class' for annotation type [org.springframework.test.context.ActiveProfiles] and class [football.league.raveendra.footballleague.FootballLeagueApplicationTests]
22:28:43.354 [main] DEBUG org.springframework.test.context.BootstrapUtils - Instantiating CacheAwareContextLoaderDelegate from class [org.springframework.test.context.cache.DefaultCacheAwareContextLoaderDelegate]
22:28:43.359 [main] DEBUG org.springframework.test.context.BootstrapUtils - Instantiating BootstrapContext using constructor [public org.springframework.test.context.support.DefaultBootstrapContext(java.lang.Class,org.springframework.test.context.CacheAwareContextLoaderDelegate)]
22:28:43.366 [main] DEBUG org.springframework.test.context.BootstrapUtils - Instantiating TestContextBootstrapper for test class [football.league.raveendra.footballleague.FootballLeagueApplicationTests] from class [org.springframework.boot.test.context.SpringBootTestContextBootstrapper]
22:28:43.371 [main] INFO org.springframework.boot.test.context.SpringBootTestContextBootstrapper - Neither @ContextConfiguration nor @ContextHierarchy found for test class [football.league.raveendra.footballleague.FootballLeagueApplicationTests], using SpringBootContextLoader
22:28:43.374 [main] DEBUG org.springframework.test.context.support.AbstractContextLoader - Did not detect default resource location for test class [football.league.raveendra.footballleague.FootballLeagueApplicationTests]: class path resource [football/league/raveendra/footballleague/FootballLeagueApplicationTests-context.xml] does not exist
22:28:43.379 [main] DEBUG org.springframework.test.context.support.AbstractContextLoader - Did not detect default resource location for test class [football.league.raveendra.footballleague.FootballLeagueApplicationTests]: class path resource [football/league/raveendra/footballleague/FootballLeagueApplicationTestsContext.groovy] does not exist
22:28:43.380 [main] INFO org.springframework.test.context.support.AbstractContextLoader - Could not detect default resource locations for test class [football.league.raveendra.footballleague.FootballLeagueApplicationTests]: no resource found for suffixes {-context.xml, Context.groovy}.
22:28:43.380 [main] INFO org.springframework.test.context.support.AnnotationConfigContextLoaderUtils - Could not detect default configuration classes for test class [football.league.raveendra.footballleague.FootballLeagueApplicationTests]: FootballLeagueApplicationTests does not declare any static, non-private, non-final, nested classes annotated with @Configuration.
22:28:43.384 [main] DEBUG org.springframework.test.context.support.ActiveProfilesUtils - Could not find an 'annotation declaring class' for annotation type [org.springframework.test.context.ActiveProfiles] and class [football.league.raveendra.footballleague.FootballLeagueApplicationTests]
]]></system-out>
  </testcase>
</testsuite>